
> 05-ignite-shop@0.1.0 dev
> next dev --turbopack

   тЦ▓ Next.js 15.3.2 (Turbopack)
   - Local:        http://localhost:3000
   - Network:      http://172.23.226.72:3000

 тЬУ Starting...
 тЬУ Ready in 2.3s
 тЧЛ Compiling /product/[id] ...
 тЬУ Compiled /product/[id] in 5.3s
Error: Route "/product/[id]" used `params.id`. `params` should be awaited before using its properties. Learn more: https://nextjs.org/docs/messages/sync-dynamic-apis
    at Product (src/app/product/[id]/page.tsx:8:21)
   6 |
   7 | export default function Product({ params }: PageProps) {
>  8 |   return <h1>{params.id}</h1>
     |                     ^
   9 | }
  10 |
Error: Route "/product/[id]" used `params.id`. `params` should be awaited before using its properties. Learn more: https://nextjs.org/docs/messages/sync-dynamic-apis
    at Product (src/app/product/[id]/page.tsx:8:21)
   6 |
   7 | export default function Product({ params }: PageProps) {
>  8 |   return <h1>{params.id}</h1>
     |                     ^
   9 | }
  10 |
 GET /product/05 200 in 2625ms
 тЧЛ Compiling /favicon.ico ...
 тЬУ Compiled /favicon.ico in 1265ms
 GET /favicon.ico?favicon.45db1c09.ico 200 in 1586ms
 тЬУ Compiled in 192ms
 тЬУ Compiled /product/[id] in 41ms
Error: Route "/product/[id]" used `...params` or similar expression. `params` should be awaited before using its properties. Learn more: https://nextjs.org/docs/messages/sync-dynamic-apis
    at JSON.stringify (<anonymous>)
    at Product (src/app/product/[id]/page.tsx:8:19)
   6 |
   7 | export default function Product({ params }: PageProps) {
>  8 |   return <h1>{JSON.stringify(params)}</h1>
     |                   ^
   9 | }
  10 |
 GET /product/05 200 in 495ms
Error: Route "/product/[id]" used `...params` or similar expression. `params` should be awaited before using its properties. Learn more: https://nextjs.org/docs/messages/sync-dynamic-apis
    at JSON.stringify (<anonymous>)
    at Product (src/app/product/[id]/page.tsx:8:19)
   6 |
   7 | export default function Product({ params }: PageProps) {
>  8 |   return <h1>{JSON.stringify(params)}</h1>
     |                   ^
   9 | }
  10 |
 GET /product/05 200 in 275ms
 GET /favicon.ico?favicon.45db1c09.ico 200 in 308ms
 тЧЛ Compiling /product/[idp] ...
 тЬУ Compiled /product/[idp] in 1460ms
Error: You cannot use different slug names for the same dynamic path ('id' !== 'idp').
    at Array.forEach (<anonymous>)
 тип unhandledRejection: Error: You cannot use different slug names for the same dynamic path ('id' !== 'idp').
    at Array.forEach (<anonymous>)
 тип unhandledRejection:  Error: You cannot use different slug names for the same dynamic path ('id' !== 'idp').
    at Array.forEach (<anonymous>)
Error: You cannot use different slug names for the same dynamic path ('id' !== 'idp').
    at Array.forEach (<anonymous>)
 тип unhandledRejection: Error: You cannot use different slug names for the same dynamic path ('id' !== 'idp').
    at Array.forEach (<anonymous>)
 тип unhandledRejection:  Error: You cannot use different slug names for the same dynamic path ('id' !== 'idp').
    at Array.forEach (<anonymous>)
 тЧЛ Compiling /_not-found/page ...
 тЬУ Compiled /_not-found/page in 1652ms
 GET /product/05 404 in 3766ms
 GET /product/05 404 in 3259ms
Error: You cannot use different slug names for the same dynamic path ('id' !== 'idp').
    at Array.forEach (<anonymous>)
 тип unhandledRejection: Error: You cannot use different slug names for the same dynamic path ('id' !== 'idp').
    at Array.forEach (<anonymous>)
 тип unhandledRejection:  Error: You cannot use different slug names for the same dynamic path ('id' !== 'idp').
    at Array.forEach (<anonymous>)
Error: You cannot use different slug names for the same dynamic path ('id' !== 'idp').
    at Array.forEach (<anonymous>)
 тип unhandledRejection: Error: You cannot use different slug names for the same dynamic path ('id' !== 'idp').
    at Array.forEach (<anonymous>)
 тип unhandledRejection:  Error: You cannot use different slug names for the same dynamic path ('id' !== 'idp').
    at Array.forEach (<anonymous>)
 GET /favicon.ico?favicon.45db1c09.ico 200 in 471ms
Error: You cannot use different slug names for the same dynamic path ('id' !== 'idp').
    at Array.forEach (<anonymous>)
 тип unhandledRejection: Error: You cannot use different slug names for the same dynamic path ('id' !== 'idp').
    at Array.forEach (<anonymous>)
 тип unhandledRejection:  Error: You cannot use different slug names for the same dynamic path ('id' !== 'idp').
    at Array.forEach (<anonymous>)
Error: You cannot use different slug names for the same dynamic path ('id' !== 'idp').
    at Array.forEach (<anonymous>)
 тип unhandledRejection: Error: You cannot use different slug names for the same dynamic path ('id' !== 'idp').
    at Array.forEach (<anonymous>)
 тип unhandledRejection:  Error: You cannot use different slug names for the same dynamic path ('id' !== 'idp').
    at Array.forEach (<anonymous>)
 GET /product/teste 404 in 950ms
Error: You cannot use different slug names for the same dynamic path ('id' !== 'idp').
    at Array.forEach (<anonymous>)
 тип unhandledRejection: Error: You cannot use different slug names for the same dynamic path ('id' !== 'idp').
    at Array.forEach (<anonymous>)
 тип unhandledRejection:  Error: You cannot use different slug names for the same dynamic path ('id' !== 'idp').
    at Array.forEach (<anonymous>)
Error: You cannot use different slug names for the same dynamic path ('id' !== 'idp').
    at Array.forEach (<anonymous>)
 тип unhandledRejection: Error: You cannot use different slug names for the same dynamic path ('id' !== 'idp').
    at Array.forEach (<anonymous>)
 тип unhandledRejection:  Error: You cannot use different slug names for the same dynamic path ('id' !== 'idp').
    at Array.forEach (<anonymous>)
Error: You cannot use different slug names for the same dynamic path ('id' !== 'idp').
    at Array.forEach (<anonymous>)
 тип unhandledRejection: Error: You cannot use different slug names for the same dynamic path ('id' !== 'idp').
    at Array.forEach (<anonymous>)
 тип unhandledRejection:  Error: You cannot use different slug names for the same dynamic path ('id' !== 'idp').
    at Array.forEach (<anonymous>)
 GET /product/teste 404 in 794ms
Error: You cannot use different slug names for the same dynamic path ('id' !== 'idp').
    at Array.forEach (<anonymous>)
 тип unhandledRejection: Error: You cannot use different slug names for the same dynamic path ('id' !== 'idp').
    at Array.forEach (<anonymous>)
 тип unhandledRejection:  Error: You cannot use different slug names for the same dynamic path ('id' !== 'idp').
    at Array.forEach (<anonymous>)
Error: You cannot use different slug names for the same dynamic path ('id' !== 'idp').
    at Array.forEach (<anonymous>)
 тип unhandledRejection: Error: You cannot use different slug names for the same dynamic path ('id' !== 'idp').
    at Array.forEach (<anonymous>)
 тип unhandledRejection:  Error: You cannot use different slug names for the same dynamic path ('id' !== 'idp').
    at Array.forEach (<anonymous>)
 GET /favicon.ico?favicon.45db1c09.ico 200 in 517ms
Error: You cannot use different slug names for the same dynamic path ('id' !== 'idp').
    at Array.forEach (<anonymous>)
 тип unhandledRejection: Error: You cannot use different slug names for the same dynamic path ('id' !== 'idp').
    at Array.forEach (<anonymous>)
 тип unhandledRejection:  Error: You cannot use different slug names for the same dynamic path ('id' !== 'idp').
    at Array.forEach (<anonymous>)
Error: Route "/product/[id]" used `...params` or similar expression. `params` should be awaited before using its properties. Learn more: https://nextjs.org/docs/messages/sync-dynamic-apis
    at JSON.stringify (<anonymous>)
    at Product (src/app/product/[id]/page.tsx:8:19)
   6 |
   7 | export default function Product({ params }: PageProps) {
>  8 |   return <h1>{JSON.stringify(params)}</h1>
     |                   ^
   9 | }
  10 |
Error: You cannot use different slug names for the same dynamic path ('id' !== 'idp').
    at Array.forEach (<anonymous>)
 тип unhandledRejection: Error: You cannot use different slug names for the same dynamic path ('id' !== 'idp').
    at Array.forEach (<anonymous>)
 тип unhandledRejection:  Error: You cannot use different slug names for the same dynamic path ('id' !== 'idp').
    at Array.forEach (<anonymous>)
 GET /product/teste 200 in 816ms
Error: You cannot use different slug names for the same dynamic path ('id' !== 'idp').
    at Array.forEach (<anonymous>)
 тип unhandledRejection: Error: You cannot use different slug names for the same dynamic path ('id' !== 'idp').
    at Array.forEach (<anonymous>)
 тип unhandledRejection:  Error: You cannot use different slug names for the same dynamic path ('id' !== 'idp').
    at Array.forEach (<anonymous>)
Error: Route "/product/[id]" used `...params` or similar expression. `params` should be awaited before using its properties. Learn more: https://nextjs.org/docs/messages/sync-dynamic-apis
    at JSON.stringify (<anonymous>)
    at Product (src/app/product/[id]/page.tsx:8:19)
   6 |
   7 | export default function Product({ params }: PageProps) {
>  8 |   return <h1>{JSON.stringify(params)}</h1>
     |                   ^
   9 | }
  10 |
Error: You cannot use different slug names for the same dynamic path ('id' !== 'idp').
    at Array.forEach (<anonymous>)
 тип unhandledRejection: Error: You cannot use different slug names for the same dynamic path ('id' !== 'idp').
    at Array.forEach (<anonymous>)
 тип unhandledRejection:  Error: You cannot use different slug names for the same dynamic path ('id' !== 'idp').
    at Array.forEach (<anonymous>)
 GET /product/teste 200 in 995ms
Error: You cannot use different slug names for the same dynamic path ('id' !== 'idp').
    at Array.forEach (<anonymous>)
 тип unhandledRejection: Error: You cannot use different slug names for the same dynamic path ('id' !== 'idp').
    at Array.forEach (<anonymous>)
 тип unhandledRejection:  Error: You cannot use different slug names for the same dynamic path ('id' !== 'idp').
    at Array.forEach (<anonymous>)
Error: You cannot use different slug names for the same dynamic path ('id' !== 'idp').
    at Array.forEach (<anonymous>)
 тип unhandledRejection: Error: You cannot use different slug names for the same dynamic path ('id' !== 'idp').
    at Array.forEach (<anonymous>)
 тип unhandledRejection:  Error: You cannot use different slug names for the same dynamic path ('id' !== 'idp').
    at Array.forEach (<anonymous>)
Error: You cannot use different slug names for the same dynamic path ('id' !== 'idp').
    at Array.forEach (<anonymous>)
 тип unhandledRejection: Error: You cannot use different slug names for the same dynamic path ('id' !== 'idp').
    at Array.forEach (<anonymous>)
 тип unhandledRejection:  Error: You cannot use different slug names for the same dynamic path ('id' !== 'idp').
    at Array.forEach (<anonymous>)
 GET /favicon.ico?favicon.45db1c09.ico 200 in -495ms
Error: Route "/product/[id]" used `...params` or similar expression. `params` should be awaited before using its properties. Learn more: https://nextjs.org/docs/messages/sync-dynamic-apis
    at JSON.stringify (<anonymous>)
    at Product (src/app/product/[id]/page.tsx:8:19)
   6 |
   7 | export default function Product({ params }: PageProps) {
>  8 |   return <h1>{JSON.stringify(params)}</h1>
     |                   ^
   9 | }
  10 |
Error: You cannot use different slug names for the same dynamic path ('id' !== 'idp').
    at Array.forEach (<anonymous>)
 тип unhandledRejection: Error: You cannot use different slug names for the same dynamic path ('id' !== 'idp').
    at Array.forEach (<anonymous>)
 тип unhandledRejection:  Error: You cannot use different slug names for the same dynamic path ('id' !== 'idp').
    at Array.forEach (<anonymous>)
 GET /product/teste 200 in 172ms
 тЧЛ Compiling /product/[idteste] ...
 тЬУ Compiled /product/[idteste] in 2.5s
Error: You cannot use different slug names for the same dynamic path ('id' !== 'idp').
    at Array.forEach (<anonymous>)
 тип unhandledRejection: Error: You cannot use different slug names for the same dynamic path ('id' !== 'idp').
    at Array.forEach (<anonymous>)
 тип unhandledRejection:  Error: You cannot use different slug names for the same dynamic path ('id' !== 'idp').
    at Array.forEach (<anonymous>)
Error: You cannot use different slug names for the same dynamic path ('id' !== 'idp').
    at Array.forEach (<anonymous>)
 тип unhandledRejection: Error: You cannot use different slug names for the same dynamic path ('id' !== 'idp').
    at Array.forEach (<anonymous>)
 тип unhandledRejection:  Error: You cannot use different slug names for the same dynamic path ('id' !== 'idp').
    at Array.forEach (<anonymous>)
 GET /product/teste 404 in 3326ms
Error: You cannot use different slug names for the same dynamic path ('id' !== 'idp').
    at Array.forEach (<anonymous>)
 тип unhandledRejection: Error: You cannot use different slug names for the same dynamic path ('id' !== 'idp').
    at Array.forEach (<anonymous>)
 тип unhandledRejection:  Error: You cannot use different slug names for the same dynamic path ('id' !== 'idp').
    at Array.forEach (<anonymous>)
Error: You cannot use different slug names for the same dynamic path ('id' !== 'idp').
    at Array.forEach (<anonymous>)
 тип unhandledRejection: Error: You cannot use different slug names for the same dynamic path ('id' !== 'idp').
    at Array.forEach (<anonymous>)
 тип unhandledRejection:  Error: You cannot use different slug names for the same dynamic path ('id' !== 'idp').
    at Array.forEach (<anonymous>)
 GET /product/teste 404 in 731ms
Error: You cannot use different slug names for the same dynamic path ('id' !== 'idp').
    at Array.forEach (<anonymous>)
 тип unhandledRejection: Error: You cannot use different slug names for the same dynamic path ('id' !== 'idp').
    at Array.forEach (<anonymous>)
 тип unhandledRejection:  Error: You cannot use different slug names for the same dynamic path ('id' !== 'idp').
    at Array.forEach (<anonymous>)
Error: You cannot use different slug names for the same dynamic path ('id' !== 'idp').
    at Array.forEach (<anonymous>)
 тип unhandledRejection: Error: You cannot use different slug names for the same dynamic path ('id' !== 'idp').
    at Array.forEach (<anonymous>)
 тип unhandledRejection:  Error: You cannot use different slug names for the same dynamic path ('id' !== 'idp').
    at Array.forEach (<anonymous>)
 GET /product/teste 404 in 780ms
Error: You cannot use different slug names for the same dynamic path ('id' !== 'idp').
    at Array.forEach (<anonymous>)
 тип unhandledRejection: Error: You cannot use different slug names for the same dynamic path ('id' !== 'idp').
    at Array.forEach (<anonymous>)
 тип unhandledRejection:  Error: You cannot use different slug names for the same dynamic path ('id' !== 'idp').
    at Array.forEach (<anonymous>)
Error: You cannot use different slug names for the same dynamic path ('id' !== 'idp').
    at Array.forEach (<anonymous>)
 тип unhandledRejection: Error: You cannot use different slug names for the same dynamic path ('id' !== 'idp').
    at Array.forEach (<anonymous>)
 тип unhandledRejection:  Error: You cannot use different slug names for the same dynamic path ('id' !== 'idp').
    at Array.forEach (<anonymous>)
Error: You cannot use different slug names for the same dynamic path ('id' !== 'idp').
    at Array.forEach (<anonymous>)
 тип unhandledRejection: Error: You cannot use different slug names for the same dynamic path ('id' !== 'idp').
    at Array.forEach (<anonymous>)
 тип unhandledRejection:  Error: You cannot use different slug names for the same dynamic path ('id' !== 'idp').
    at Array.forEach (<anonymous>)
 GET /product/teste 404 in 690ms
Error: You cannot use different slug names for the same dynamic path ('id' !== 'idp').
    at Array.forEach (<anonymous>)
 тип unhandledRejection: Error: You cannot use different slug names for the same dynamic path ('id' !== 'idp').
    at Array.forEach (<anonymous>)
 тип unhandledRejection:  Error: You cannot use different slug names for the same dynamic path ('id' !== 'idp').
    at Array.forEach (<anonymous>)
Error: You cannot use different slug names for the same dynamic path ('id' !== 'idp').
    at Array.forEach (<anonymous>)
 тип unhandledRejection: Error: You cannot use different slug names for the same dynamic path ('id' !== 'idp').
    at Array.forEach (<anonymous>)
 тип unhandledRejection:  Error: You cannot use different slug names for the same dynamic path ('id' !== 'idp').
    at Array.forEach (<anonymous>)
 GET /favicon.ico?favicon.45db1c09.ico 200 in 538ms
 тЧЛ Compiling /product/[idt] ...
 тЬУ Compiled /product/[idt] in 2.2s
Error: You cannot use different slug names for the same dynamic path ('id' !== 'idp').
    at Array.forEach (<anonymous>)
 тип unhandledRejection: Error: You cannot use different slug names for the same dynamic path ('id' !== 'idp').
    at Array.forEach (<anonymous>)
 тип unhandledRejection:  Error: You cannot use different slug names for the same dynamic path ('id' !== 'idp').
    at Array.forEach (<anonymous>)
Error: You cannot use different slug names for the same dynamic path ('id' !== 'idp').
    at Array.forEach (<anonymous>)
 тип unhandledRejection: Error: You cannot use different slug names for the same dynamic path ('id' !== 'idp').
    at Array.forEach (<anonymous>)
 тип unhandledRejection:  Error: You cannot use different slug names for the same dynamic path ('id' !== 'idp').
    at Array.forEach (<anonymous>)
 GET /product/teste 404 in 2882ms
Error: You cannot use different slug names for the same dynamic path ('id' !== 'idp').
    at Array.forEach (<anonymous>)
 тип unhandledRejection: Error: You cannot use different slug names for the same dynamic path ('id' !== 'idp').
    at Array.forEach (<anonymous>)
 тип unhandledRejection:  Error: You cannot use different slug names for the same dynamic path ('id' !== 'idp').
    at Array.forEach (<anonymous>)
Error: You cannot use different slug names for the same dynamic path ('id' !== 'idp').
    at Array.forEach (<anonymous>)
 тип unhandledRejection: Error: You cannot use different slug names for the same dynamic path ('id' !== 'idp').
    at Array.forEach (<anonymous>)
 тип unhandledRejection:  Error: You cannot use different slug names for the same dynamic path ('id' !== 'idp').
    at Array.forEach (<anonymous>)
 GET /product/teste 404 in 803ms
Error: You cannot use different slug names for the same dynamic path ('id' !== 'idp').
    at Array.forEach (<anonymous>)
 тип unhandledRejection: Error: You cannot use different slug names for the same dynamic path ('id' !== 'idp').
    at Array.forEach (<anonymous>)
 тип unhandledRejection:  Error: You cannot use different slug names for the same dynamic path ('id' !== 'idp').
    at Array.forEach (<anonymous>)
Error: You cannot use different slug names for the same dynamic path ('id' !== 'idp').
    at Array.forEach (<anonymous>)
 тип unhandledRejection: Error: You cannot use different slug names for the same dynamic path ('id' !== 'idp').
    at Array.forEach (<anonymous>)
 тип unhandledRejection:  Error: You cannot use different slug names for the same dynamic path ('id' !== 'idp').
    at Array.forEach (<anonymous>)
 GET /product/teste 404 in 682ms
Error: You cannot use different slug names for the same dynamic path ('id' !== 'idp').
    at Array.forEach (<anonymous>)
 тип unhandledRejection: Error: You cannot use different slug names for the same dynamic path ('id' !== 'idp').
    at Array.forEach (<anonymous>)
 тип unhandledRejection:  Error: You cannot use different slug names for the same dynamic path ('id' !== 'idp').
    at Array.forEach (<anonymous>)
Error: You cannot use different slug names for the same dynamic path ('id' !== 'idp').
    at Array.forEach (<anonymous>)
 тип unhandledRejection: Error: You cannot use different slug names for the same dynamic path ('id' !== 'idp').
    at Array.forEach (<anonymous>)
 тип unhandledRejection:  Error: You cannot use different slug names for the same dynamic path ('id' !== 'idp').
    at Array.forEach (<anonymous>)
 GET /product/teste 404 in 919ms
Error: You cannot use different slug names for the same dynamic path ('id' !== 'idp').
    at Array.forEach (<anonymous>)
 тип unhandledRejection: Error: You cannot use different slug names for the same dynamic path ('id' !== 'idp').
    at Array.forEach (<anonymous>)
 тип unhandledRejection:  Error: You cannot use different slug names for the same dynamic path ('id' !== 'idp').
    at Array.forEach (<anonymous>)
Error: You cannot use different slug names for the same dynamic path ('id' !== 'idp').
    at Array.forEach (<anonymous>)
 тип unhandledRejection: Error: You cannot use different slug names for the same dynamic path ('id' !== 'idp').
    at Array.forEach (<anonymous>)
 тип unhandledRejection:  Error: You cannot use different slug names for the same dynamic path ('id' !== 'idp').
    at Array.forEach (<anonymous>)
 GET /product/teste 404 in 877ms
Error: You cannot use different slug names for the same dynamic path ('id' !== 'idp').
    at Array.forEach (<anonymous>)
 тип unhandledRejection: Error: You cannot use different slug names for the same dynamic path ('id' !== 'idp').
    at Array.forEach (<anonymous>)
 тип unhandledRejection:  Error: You cannot use different slug names for the same dynamic path ('id' !== 'idp').
    at Array.forEach (<anonymous>)
Error: You cannot use different slug names for the same dynamic path ('id' !== 'idp').
    at Array.forEach (<anonymous>)
 тип unhandledRejection: Error: You cannot use different slug names for the same dynamic path ('id' !== 'idp').
    at Array.forEach (<anonymous>)
 тип unhandledRejection:  Error: You cannot use different slug names for the same dynamic path ('id' !== 'idp').
    at Array.forEach (<anonymous>)
 GET /favicon.ico?favicon.45db1c09.ico 200 in 523ms
Error: You cannot use different slug names for the same dynamic path ('id' !== 'idp').
    at Array.forEach (<anonymous>)
 тип unhandledRejection: Error: You cannot use different slug names for the same dynamic path ('id' !== 'idp').
    at Array.forEach (<anonymous>)
 тип unhandledRejection:  Error: You cannot use different slug names for the same dynamic path ('id' !== 'idp').
    at Array.forEach (<anonymous>)
Error: You cannot use different slug names for the same dynamic path ('id' !== 'idp').
    at Array.forEach (<anonymous>)
 тип unhandledRejection: Error: You cannot use different slug names for the same dynamic path ('id' !== 'idp').
    at Array.forEach (<anonymous>)
 тип unhandledRejection:  Error: You cannot use different slug names for the same dynamic path ('id' !== 'idp').
    at Array.forEach (<anonymous>)
 GET /product/teste 404 in 782ms
Error: You cannot use different slug names for the same dynamic path ('id' !== 'idp').
    at Array.forEach (<anonymous>)
 тип unhandledRejection: Error: You cannot use different slug names for the same dynamic path ('id' !== 'idp').
    at Array.forEach (<anonymous>)
 тип unhandledRejection:  Error: You cannot use different slug names for the same dynamic path ('id' !== 'idp').
    at Array.forEach (<anonymous>)
Error: You cannot use different slug names for the same dynamic path ('id' !== 'idp').
    at Array.forEach (<anonymous>)
 тип unhandledRejection: Error: You cannot use different slug names for the same dynamic path ('id' !== 'idp').
    at Array.forEach (<anonymous>)
 тип unhandledRejection:  Error: You cannot use different slug names for the same dynamic path ('id' !== 'idp').
    at Array.forEach (<anonymous>)
 GET /favicon.ico?favicon.45db1c09.ico 200 in 465ms
Error: You cannot use different slug names for the same dynamic path ('id' !== 'idp').
    at Array.forEach (<anonymous>)
 тип unhandledRejection: Error: You cannot use different slug names for the same dynamic path ('id' !== 'idp').
    at Array.forEach (<anonymous>)
 тип unhandledRejection:  Error: You cannot use different slug names for the same dynamic path ('id' !== 'idp').
    at Array.forEach (<anonymous>)
Error: You cannot use different slug names for the same dynamic path ('id' !== 'idp').
    at Array.forEach (<anonymous>)
 тип unhandledRejection: Error: You cannot use different slug names for the same dynamic path ('id' !== 'idp').
    at Array.forEach (<anonymous>)
 тип unhandledRejection:  Error: You cannot use different slug names for the same dynamic path ('id' !== 'idp').
    at Array.forEach (<anonymous>)
 GET /product/teste 404 in 731ms
Error: You cannot use different slug names for the same dynamic path ('id' !== 'idp').
    at Array.forEach (<anonymous>)
 тип unhandledRejection: Error: You cannot use different slug names for the same dynamic path ('id' !== 'idp').
    at Array.forEach (<anonymous>)
 тип unhandledRejection:  Error: You cannot use different slug names for the same dynamic path ('id' !== 'idp').
    at Array.forEach (<anonymous>)
Error: You cannot use different slug names for the same dynamic path ('id' !== 'idp').
    at Array.forEach (<anonymous>)
 тип unhandledRejection: Error: You cannot use different slug names for the same dynamic path ('id' !== 'idp').
    at Array.forEach (<anonymous>)
 тип unhandledRejection:  Error: You cannot use different slug names for the same dynamic path ('id' !== 'idp').
    at Array.forEach (<anonymous>)
 GET /favicon.ico?favicon.45db1c09.ico 200 in 478ms
[?25h
